  Main.cpp
h:\documents\occ\fall 2012\cis 2252\stack exercise\stack exercise\main.cpp(12): error C2065: 'stacktype': undeclared identifier
h:\documents\occ\fall 2012\cis 2252\stack exercise\stack exercise\main.cpp(12): error C2065: 'stack': undeclared identifier
h:\documents\occ\fall 2012\cis 2252\stack exercise\stack exercise\main.cpp(12): error C2182: 'createstack': illegal use of type 'void'
h:\documents\occ\fall 2012\cis 2252\stack exercise\stack exercise\main.cpp(13): error C2065: 'stacktype': undeclared identifier
h:\documents\occ\fall 2012\cis 2252\stack exercise\stack exercise\main.cpp(13): error C2065: 'stack': undeclared identifier
h:\documents\occ\fall 2012\cis 2252\stack exercise\stack exercise\main.cpp(13): error C2182: 'destroystack': illegal use of type 'void'
h:\documents\occ\fall 2012\cis 2252\stack exercise\stack exercise\main.cpp(14): error C2065: 'stacktype': undeclared identifier
h:\documents\occ\fall 2012\cis 2252\stack exercise\stack exercise\main.cpp(14): error C2146: syntax error: missing ')' before identifier 'stack'
h:\documents\occ\fall 2012\cis 2252\stack exercise\stack exercise\main.cpp(15): error C2065: 'stacktype': undeclared identifier
h:\documents\occ\fall 2012\cis 2252\stack exercise\stack exercise\main.cpp(15): error C2146: syntax error: missing ')' before identifier 'stack'
h:\documents\occ\fall 2012\cis 2252\stack exercise\stack exercise\main.cpp(16): error C2065: 'stacktype': undeclared identifier
h:\documents\occ\fall 2012\cis 2252\stack exercise\stack exercise\main.cpp(16): error C2065: 'stack': undeclared identifier
h:\documents\occ\fall 2012\cis 2252\stack exercise\stack exercise\main.cpp(16): error C2062: type 'int' unexpected
h:\documents\occ\fall 2012\cis 2252\stack exercise\stack exercise\main.cpp(17): error C2065: 'stacktype': undeclared identifier
h:\documents\occ\fall 2012\cis 2252\stack exercise\stack exercise\main.cpp(17): error C2065: 'stack': undeclared identifier
h:\documents\occ\fall 2012\cis 2252\stack exercise\stack exercise\main.cpp(17): error C2062: type 'int' unexpected
h:\documents\occ\fall 2012\cis 2252\stack exercise\stack exercise\main.cpp(22): error C2065: 'stacktype': undeclared identifier
h:\documents\occ\fall 2012\cis 2252\stack exercise\stack exercise\main.cpp(22): error C2146: syntax error: missing ';' before identifier 'stack'
h:\documents\occ\fall 2012\cis 2252\stack exercise\stack exercise\main.cpp(22): error C2065: 'stack': undeclared identifier
h:\documents\occ\fall 2012\cis 2252\stack exercise\stack exercise\main.cpp(26): error C2065: 'stack': undeclared identifier
h:\documents\occ\fall 2012\cis 2252\stack exercise\stack exercise\main.cpp(30): error C2065: 'stack': undeclared identifier
h:\documents\occ\fall 2012\cis 2252\stack exercise\stack exercise\main.cpp(30): error C3861: 'fullstack': identifier not found
h:\documents\occ\fall 2012\cis 2252\stack exercise\stack exercise\main.cpp(35): error C2065: 'stack': undeclared identifier
h:\documents\occ\fall 2012\cis 2252\stack exercise\stack exercise\main.cpp(35): error C3861: 'push': identifier not found
h:\documents\occ\fall 2012\cis 2252\stack exercise\stack exercise\main.cpp(44): error C2065: 'stack': undeclared identifier
h:\documents\occ\fall 2012\cis 2252\stack exercise\stack exercise\main.cpp(44): error C3861: 'emptystack': identifier not found
h:\documents\occ\fall 2012\cis 2252\stack exercise\stack exercise\main.cpp(46): error C2065: 'stack': undeclared identifier
h:\documents\occ\fall 2012\cis 2252\stack exercise\stack exercise\main.cpp(46): error C3861: 'pop': identifier not found
h:\documents\occ\fall 2012\cis 2252\stack exercise\stack exercise\main.cpp(50): error C2065: 'stack': undeclared identifier
h:\documents\occ\fall 2012\cis 2252\stack exercise\stack exercise\main.cpp(56): error C2065: 'stacktype': undeclared identifier
h:\documents\occ\fall 2012\cis 2252\stack exercise\stack exercise\main.cpp(56): error C2065: 'stack': undeclared identifier
h:\documents\occ\fall 2012\cis 2252\stack exercise\stack exercise\main.cpp(56): error C2182: 'createstack': illegal use of type 'void'
h:\documents\occ\fall 2012\cis 2252\stack exercise\stack exercise\main.cpp(56): error C2374: 'createstack': redefinition; multiple initialization
  h:\documents\occ\fall 2012\cis 2252\stack exercise\stack exercise\main.cpp(12): note: see declaration of 'createstack'
h:\documents\occ\fall 2012\cis 2252\stack exercise\stack exercise\main.cpp(57): error C2448: 'createstack': function-style initializer appears to be a function definition
h:\documents\occ\fall 2012\cis 2252\stack exercise\stack exercise\main.cpp(61): error C2065: 'stacktype': undeclared identifier
h:\documents\occ\fall 2012\cis 2252\stack exercise\stack exercise\main.cpp(61): error C2065: 'stack': undeclared identifier
h:\documents\occ\fall 2012\cis 2252\stack exercise\stack exercise\main.cpp(61): error C2182: 'destroystack': illegal use of type 'void'
h:\documents\occ\fall 2012\cis 2252\stack exercise\stack exercise\main.cpp(61): error C2374: 'destroystack': redefinition; multiple initialization
  h:\documents\occ\fall 2012\cis 2252\stack exercise\stack exercise\main.cpp(13): note: see declaration of 'destroystack'
h:\documents\occ\fall 2012\cis 2252\stack exercise\stack exercise\main.cpp(62): error C2448: 'destroystack': function-style initializer appears to be a function definition
h:\documents\occ\fall 2012\cis 2252\stack exercise\stack exercise\main.cpp(67): error C2065: 'stacktype': undeclared identifier
h:\documents\occ\fall 2012\cis 2252\stack exercise\stack exercise\main.cpp(67): error C2146: syntax error: missing ')' before identifier 'stack'
h:\documents\occ\fall 2012\cis 2252\stack exercise\stack exercise\main.cpp(68): error C2143: syntax error: missing ';' before '{'
h:\documents\occ\fall 2012\cis 2252\stack exercise\stack exercise\main.cpp(68): error C2447: '{': missing function header (old-style formal list?)
h:\documents\occ\fall 2012\cis 2252\stack exercise\stack exercise\main.cpp(73): error C2065: 'stacktype': undeclared identifier
h:\documents\occ\fall 2012\cis 2252\stack exercise\stack exercise\main.cpp(73): error C2065: 'stack': undeclared identifier
h:\documents\occ\fall 2012\cis 2252\stack exercise\stack exercise\main.cpp(73): error C2062: type 'int' unexpected
h:\documents\occ\fall 2012\cis 2252\stack exercise\stack exercise\main.cpp(74): error C2143: syntax error: missing ';' before '{'
h:\documents\occ\fall 2012\cis 2252\stack exercise\stack exercise\main.cpp(74): error C2447: '{': missing function header (old-style formal list?)
h:\documents\occ\fall 2012\cis 2252\stack exercise\stack exercise\main.cpp(79): error C2065: 'stacktype': undeclared identifier
h:\documents\occ\fall 2012\cis 2252\stack exercise\stack exercise\main.cpp(79): error C2146: syntax error: missing ')' before identifier 'stack'
h:\documents\occ\fall 2012\cis 2252\stack exercise\stack exercise\main.cpp(80): error C2143: syntax error: missing ';' before '{'
h:\documents\occ\fall 2012\cis 2252\stack exercise\stack exercise\main.cpp(80): error C2447: '{': missing function header (old-style formal list?)
h:\documents\occ\fall 2012\cis 2252\stack exercise\stack exercise\main.cpp(86): error C2065: 'stacktype': undeclared identifier
h:\documents\occ\fall 2012\cis 2252\stack exercise\stack exercise\main.cpp(86): error C2065: 'stack': undeclared identifier
h:\documents\occ\fall 2012\cis 2252\stack exercise\stack exercise\main.cpp(86): error C2062: type 'int' unexpected
h:\documents\occ\fall 2012\cis 2252\stack exercise\stack exercise\main.cpp(87): error C2143: syntax error: missing ';' before '{'
h:\documents\occ\fall 2012\cis 2252\stack exercise\stack exercise\main.cpp(87): error C2447: '{': missing function header (old-style formal list?)
